<?xml version="1.0" encoding="UTF-8"?>
<testsuite name="TestSuite" time="77.592" tests="8" errors="0" skipped="0" failures="6">
  <properties>
[...]
</properties>
  <testcase name="loginTest" classname="com.demoBankingV1.testCases.TC_LoginTest_001" time="4.57"/>
  <testcase name="loginDDT" classname="com.demoBankingV1.testCases.TC_LoginDDT_002" time="4.046">
    <failure message="expected [true] but found [false]" type="java.lang.AssertionError">java.lang.AssertionError: expected [true] but found [false]
	at org.testng.Assert.fail(Assert.java:110)
	at org.testng.Assert.failNotEquals(Assert.java:1413)
	at org.testng.Assert.assertTrue(Assert.java:56)
	at org.testng.Assert.assertTrue(Assert.java:66)
	at com.demoBankingV1.testCases.TC_LoginDDT_002.loginDDT(TC_LoginDDT_002.java:58)
</failure>
    <system-out><![CDATA[2023-11-20 21:42:18 INFO  ebanking:63 - URL is opened:
2023-11-20 21:42:22 INFO  ebanking:43 - Username entered
2023-11-20 21:42:22 INFO  ebanking:46 - Passwrod entered
2023-11-20 21:42:24 INFO  ebanking:48 - Clicked on submit
2023-11-20 21:42:24 INFO  ebanking:53 - Invalid credentials
2023-11-20 21:42:24 WARN  ebanking:54 - Login failure
Screenshot taken
]]></system-out>
    <system-err><![CDATA[Nov 20, 2023 9:42:06 PM org.openqa.selenium.devtools.CdpVersionFinder findNearestMatch
WARNING: Unable to find an exact match for CDP version 119, so returning the closest version found: 115
]]></system-err>
  </testcase>
  <testcase name="loginDDT" classname="com.demoBankingV1.testCases.TC_LoginDDT_002" time="5.444">
    <failure message="expected [true] but found [false]" type="java.lang.AssertionError">java.lang.AssertionError: expected [true] but found [false]
	at org.testng.Assert.fail(Assert.java:110)
	at org.testng.Assert.failNotEquals(Assert.java:1413)
	at org.testng.Assert.assertTrue(Assert.java:56)
	at org.testng.Assert.assertTrue(Assert.java:66)
	at com.demoBankingV1.testCases.TC_LoginDDT_002.loginDDT(TC_LoginDDT_002.java:58)
</failure>
    <system-out><![CDATA[2023-11-20 21:42:27 INFO  ebanking:43 - Username entered
2023-11-20 21:42:27 INFO  ebanking:46 - Passwrod entered
2023-11-20 21:42:29 INFO  ebanking:48 - Clicked on submit
2023-11-20 21:42:29 INFO  ebanking:53 - Invalid credentials
2023-11-20 21:42:29 WARN  ebanking:54 - Login failure
Screenshot taken
]]></system-out>
  </testcase>
  <testcase name="loginDDT" classname="com.demoBankingV1.testCases.TC_LoginDDT_002" time="4.118">
    <failure message="expected [true] but found [false]" type="java.lang.AssertionError">java.lang.AssertionError: expected [true] but found [false]
	at org.testng.Assert.fail(Assert.java:110)
	at org.testng.Assert.failNotEquals(Assert.java:1413)
	at org.testng.Assert.assertTrue(Assert.java:56)
	at org.testng.Assert.assertTrue(Assert.java:66)
	at com.demoBankingV1.testCases.TC_LoginDDT_002.loginDDT(TC_LoginDDT_002.java:58)
</failure>
    <system-out><![CDATA[2023-11-20 21:42:31 INFO  ebanking:43 - Username entered
2023-11-20 21:42:31 INFO  ebanking:46 - Passwrod entered
2023-11-20 21:42:32 INFO  ebanking:48 - Clicked on submit
2023-11-20 21:42:32 INFO  ebanking:53 - Invalid credentials
2023-11-20 21:42:32 WARN  ebanking:54 - Login failure
Screenshot taken
]]></system-out>
  </testcase>
  <testcase name="loginDDT" classname="com.demoBankingV1.testCases.TC_LoginDDT_002" time="3.946">
    <failure message="expected [true] but found [false]" type="java.lang.AssertionError">java.lang.AssertionError: expected [true] but found [false]
	at org.testng.Assert.fail(Assert.java:110)
	at org.testng.Assert.failNotEquals(Assert.java:1413)
	at org.testng.Assert.assertTrue(Assert.java:56)
	at org.testng.Assert.assertTrue(Assert.java:66)
	at com.demoBankingV1.testCases.TC_LoginDDT_002.loginDDT(TC_LoginDDT_002.java:58)
</failure>
    <system-out><![CDATA[2023-11-20 21:42:35 INFO  ebanking:43 - Username entered
2023-11-20 21:42:35 INFO  ebanking:46 - Passwrod entered
2023-11-20 21:42:37 INFO  ebanking:48 - Clicked on submit
2023-11-20 21:42:37 INFO  ebanking:53 - Invalid credentials
2023-11-20 21:42:37 WARN  ebanking:54 - Login failure
Screenshot taken
]]></system-out>
  </testcase>
  <testcase name="addNewCustomer" classname="com.demoBankingV1.testCases.TC_AddCustomerTest_003" time="25.132">
    <failure message="unexpected alert open: {Alert text : Customer could not be added !!}&#10;  (Session info: MicrosoftEdge=119.0.2151.72): Customer could not be added !!&#10;Build info: version: &apos;4.11.0&apos;, revision: &apos;040bc5406b&apos;&#10;System info: os.name: &apos;Windows 11&apos;, os.arch: &apos;amd64&apos;, os.version: &apos;10.0&apos;, java.version: &apos;11.0.14&apos;&#10;Driver info: org.openqa.selenium.edge.EdgeDriver&#10;Command: [f86f28a05c56105c12a8a3437012e727, getPageSource {}]&#10;Capabilities {acceptInsecureCerts: false, browserName: msedge, browserVersion: 119.0.2151.72, fedcm:accounts: true, ms:edgeOptions: {debuggerAddress: localhost:52740}, msedge: {msedgedriverVersion: 119.0.2151.72 (e8225cce8e47..., userDataDir: C:\WINDOWS\SystemTemp\scope...}, networkConnectionEnabled: false, pageLoadStrategy: normal, platformName: windows, proxy: Proxy(), se:cdp: ws://localhost:52740/devtoo..., se:cdpVersion: 119.0.2151.72, setWindowRect: true, strictFileInteractability: false, timeouts: {implicit: 0, pageLoad: 300000, script: 30000}, unhandledPromptBehavior: dismiss and notify, webauthn:extension:credBlob: true, webauthn:extension:largeBlob: true, webauthn:extension:minPinLength: true, webauthn:extension:prf: true, webauthn:virtualAuthenticators: true}&#10;Session ID: f86f28a05c56105c12a8a3437012e727" type="org.openqa.selenium.UnhandledAlertException">org.openqa.selenium.UnhandledAlertException: unexpected alert open: {Alert text : Customer could not be added !!}
  (Session info: MicrosoftEdge=119.0.2151.72): Customer could not be added !!
Build info: version: '4.11.0', revision: '040bc5406b'
System info: os.name: 'Windows 11', os.arch: 'amd64', os.version: '10.0', java.version: '11.0.14'
Driver info: org.openqa.selenium.edge.EdgeDriver
Command: [f86f28a05c56105c12a8a3437012e727, getPageSource {}]
Capabilities {acceptInsecureCerts: false, browserName: msedge, browserVersion: 119.0.2151.72, fedcm:accounts: true, ms:edgeOptions: {debuggerAddress: localhost:52740}, msedge: {msedgedriverVersion: 119.0.2151.72 (e8225cce8e47..., userDataDir: C:\WINDOWS\SystemTemp\scope...}, networkConnectionEnabled: false, pageLoadStrategy: normal, platformName: windows, proxy: Proxy(), se:cdp: ws://localhost:52740/devtoo..., se:cdpVersion: 119.0.2151.72, setWindowRect: true, strictFileInteractability: false, timeouts: {implicit: 0, pageLoad: 300000, script: 30000}, unhandledPromptBehavior: dismiss and notify, webauthn:extension:credBlob: true, webauthn:extension:largeBlob: true, webauthn:extension:minPinLength: true, webauthn:extension:prf: true, webauthn:virtualAuthenticators: true}
Session ID: f86f28a05c56105c12a8a3437012e727
	at org.openqa.selenium.remote.codec.w3c.W3CHttpResponseCodec.decode(W3CHttpResponseCodec.java:131)
	at org.openqa.selenium.remote.codec.w3c.W3CHttpResponseCodec.decode(W3CHttpResponseCodec.java:52)
	at org.openqa.selenium.remote.HttpCommandExecutor.execute(HttpCommandExecutor.java:191)
	at org.openqa.selenium.remote.service.DriverCommandExecutor.invokeExecute(DriverCommandExecutor.java:196)
	at org.openqa.selenium.remote.service.DriverCommandExecutor.execute(DriverCommandExecutor.java:171)
	at org.openqa.selenium.remote.RemoteWebDriver.execute(RemoteWebDriver.java:518)
	at org.openqa.selenium.remote.RemoteWebDriver.execute(RemoteWebDriver.java:591)
	at org.openqa.selenium.remote.RemoteWebDriver.execute(RemoteWebDriver.java:595)
	at org.openqa.selenium.remote.RemoteWebDriver.getPageSource(RemoteWebDriver.java:381)
	at com.demoBankingV1.testCases.TC_AddCustomerTest_003.addNewCustomer(TC_AddCustomerTest_003.java:62)
</failure>
    <system-out><![CDATA[2023-11-20 21:42:53 INFO  ebanking:63 - URL is opened:
2023-11-20 21:42:53 INFO  ebanking:23 - Provided username
2023-11-20 21:42:54 INFO  ebanking:25 - Provided password
2023-11-20 21:43:03 INFO  ebanking:35 - Providing customer details
2023-11-20 21:43:18 INFO  ebanking:61 - Validation started
]]></system-out>
    <system-err><![CDATA[Nov 20, 2023 9:42:43 PM org.openqa.selenium.devtools.CdpVersionFinder findNearestMatch
WARNING: Unable to find an exact match for CDP version 119, so returning the closest version found: 115
]]></system-err>
  </testcase>
  <testcase name="editCustomer" classname="com.demoBankingV1.testCases.TC_EditCustomerTest_004" time="14.082"/>
  <testcase name="editCustomerValid" classname="com.demoBankingV1.testCases.TC_EditCustomerValidTest_005" time="29.762">
    <failure message="unexpected alert open: {Alert text : You are not authorize to edit this customer!!}&#10;  (Session info: MicrosoftEdge=119.0.2151.72): You are not authorize to edit this customer!!&#10;Build info: version: &apos;4.11.0&apos;, revision: &apos;040bc5406b&apos;&#10;System info: os.name: &apos;Windows 11&apos;, os.arch: &apos;amd64&apos;, os.version: &apos;10.0&apos;, java.version: &apos;11.0.14&apos;&#10;Driver info: org.openqa.selenium.edge.EdgeDriver&#10;Command: [c1b9f27104320669d679069ecc21cf04, screenshot {}]&#10;Capabilities {acceptInsecureCerts: false, browserName: msedge, browserVersion: 119.0.2151.72, fedcm:accounts: true, ms:edgeOptions: {debuggerAddress: localhost:53040}, msedge: {msedgedriverVersion: 119.0.2151.72 (e8225cce8e47..., userDataDir: C:\WINDOWS\SystemTemp\scope...}, networkConnectionEnabled: false, pageLoadStrategy: normal, platformName: windows, proxy: Proxy(), se:cdp: ws://localhost:53040/devtoo..., se:cdpVersion: 119.0.2151.72, setWindowRect: true, strictFileInteractability: false, timeouts: {implicit: 0, pageLoad: 300000, script: 30000}, unhandledPromptBehavior: dismiss and notify, webauthn:extension:credBlob: true, webauthn:extension:largeBlob: true, webauthn:extension:minPinLength: true, webauthn:extension:prf: true, webauthn:virtualAuthenticators: true}&#10;Session ID: c1b9f27104320669d679069ecc21cf04" type="org.openqa.selenium.UnhandledAlertException">org.openqa.selenium.UnhandledAlertException: unexpected alert open: {Alert text : You are not authorize to edit this customer!!}
  (Session info: MicrosoftEdge=119.0.2151.72): You are not authorize to edit this customer!!
Build info: version: '4.11.0', revision: '040bc5406b'
System info: os.name: 'Windows 11', os.arch: 'amd64', os.version: '10.0', java.version: '11.0.14'
Driver info: org.openqa.selenium.edge.EdgeDriver
Command: [c1b9f27104320669d679069ecc21cf04, screenshot {}]
Capabilities {acceptInsecureCerts: false, browserName: msedge, browserVersion: 119.0.2151.72, fedcm:accounts: true, ms:edgeOptions: {debuggerAddress: localhost:53040}, msedge: {msedgedriverVersion: 119.0.2151.72 (e8225cce8e47..., userDataDir: C:\WINDOWS\SystemTemp\scope...}, networkConnectionEnabled: false, pageLoadStrategy: normal, platformName: windows, proxy: Proxy(), se:cdp: ws://localhost:53040/devtoo..., se:cdpVersion: 119.0.2151.72, setWindowRect: true, strictFileInteractability: false, timeouts: {implicit: 0, pageLoad: 300000, script: 30000}, unhandledPromptBehavior: dismiss and notify, webauthn:extension:credBlob: true, webauthn:extension:largeBlob: true, webauthn:extension:minPinLength: true, webauthn:extension:prf: true, webauthn:virtualAuthenticators: true}
Session ID: c1b9f27104320669d679069ecc21cf04
	at org.openqa.selenium.remote.codec.w3c.W3CHttpResponseCodec.decode(W3CHttpResponseCodec.java:131)
	at org.openqa.selenium.remote.codec.w3c.W3CHttpResponseCodec.decode(W3CHttpResponseCodec.java:52)
	at org.openqa.selenium.remote.HttpCommandExecutor.execute(HttpCommandExecutor.java:191)
	at org.openqa.selenium.remote.service.DriverCommandExecutor.invokeExecute(DriverCommandExecutor.java:196)
	at org.openqa.selenium.remote.service.DriverCommandExecutor.execute(DriverCommandExecutor.java:171)
	at org.openqa.selenium.remote.RemoteWebDriver.execute(RemoteWebDriver.java:518)
	at org.openqa.selenium.remote.RemoteWebDriver.execute(RemoteWebDriver.java:591)
	at org.openqa.selenium.remote.RemoteWebDriver.execute(RemoteWebDriver.java:595)
	at org.openqa.selenium.remote.RemoteWebDriver.getScreenshotAs(RemoteWebDriver.java:321)
	at com.demoBankingV1.testCases.BaseClass.captureScreen(BaseClass.java:75)
	at com.demoBankingV1.testCases.TC_EditCustomerValidTest_005.editCustomerValid(TC_EditCustomerValidTest_005.java:39)
</failure>
    <system-out><![CDATA[2023-11-20 21:44:07 INFO  ebanking:63 - URL is opened:
2023-11-20 21:44:24 INFO  ebanking:19 - Provided username
2023-11-20 21:44:24 INFO  ebanking:21 - Provided password
2023-11-20 21:44:28 INFO  ebanking:23 - User logged in successfully
2023-11-20 21:44:36 INFO  ebanking:40 - Clicked on Edit Customer
26620
2023-11-20 21:44:36 INFO  ebanking:33 - Entered valid cusstomer id
2023-11-20 21:44:37 INFO  ebanking:52 - Clicked on Submit
]]></system-out>
    <system-err><![CDATA[Nov 20, 2023 9:44:05 PM org.openqa.selenium.devtools.CdpVersionFinder findNearestMatch
WARNING: Unable to find an exact match for CDP version 119, so returning the closest version found: 115
]]></system-err>
  </testcase>
</testsuite>