<?xml version="1.0" encoding="UTF-8"?>
<testng-results ignored="0" total="7" passed="7" failed="0" skipped="0">
  <reporter-output>
  </reporter-output>
  <suite started-at="2023-08-26T09:50:18 IST" name="demoBankingV1" finished-at="2023-08-26T09:51:44 IST" duration-ms="85883">
    <groups>
    </groups>
    <test started-at="2023-08-26T09:50:18 IST" name="Test" finished-at="2023-08-26T09:51:44 IST" duration-ms="85883">
      <class name="com.demoBankingV1.testCases.TC_LoginDDT_002">
        <test-method is-config="true" signature="setup(java.lang.String)[pri:0, instance:com.demoBankingV1.testCases.TC_LoginDDT_002@459e9125]" started-at="2023-08-26T09:50:31 IST" name="setup" finished-at="2023-08-26T09:50:37 IST" duration-ms="6036" status="PASS">
          <params>
            <param index="0">
              <value>
                <![CDATA[chrome]]>
              </value>
            </param>
          </params>
          <reporter-output>
          </reporter-output>
        </test-method> <!-- setup -->
        <test-method signature="loginDDT(java.lang.String,java.lang.String)[pri:0, instance:com.demoBankingV1.testCases.TC_LoginDDT_002@459e9125]" started-at="2023-08-26T09:50:39 IST" name="loginDDT" data-provider="LoginData" finished-at="2023-08-26T09:50:43 IST" duration-ms="4134" status="PASS">
          <params>
            <param index="0">
              <value>
                <![CDATA[mngr519956]]>
              </value>
            </param>
            <param index="1">
              <value>
                <![CDATA[Uvymysy]]>
              </value>
            </param>
          </params>
          <reporter-output>
          </reporter-output>
        </test-method> <!-- loginDDT -->
        <test-method signature="loginDDT(java.lang.String,java.lang.String)[pri:0, instance:com.demoBankingV1.testCases.TC_LoginDDT_002@459e9125]" started-at="2023-08-26T09:50:43 IST" name="loginDDT" data-provider="LoginData" finished-at="2023-08-26T09:50:47 IST" duration-ms="3888" status="PASS">
          <params>
            <param index="0">
              <value>
                <![CDATA[mngr519956]]>
              </value>
            </param>
            <param index="1">
              <value>
                <![CDATA[Uvymysy]]>
              </value>
            </param>
          </params>
          <reporter-output>
          </reporter-output>
        </test-method> <!-- loginDDT -->
        <test-method signature="loginDDT(java.lang.String,java.lang.String)[pri:0, instance:com.demoBankingV1.testCases.TC_LoginDDT_002@459e9125]" started-at="2023-08-26T09:50:47 IST" name="loginDDT" data-provider="LoginData" finished-at="2023-08-26T09:50:52 IST" duration-ms="4375" status="PASS">
          <params>
            <param index="0">
              <value>
                <![CDATA[mngr519956]]>
              </value>
            </param>
            <param index="1">
              <value>
                <![CDATA[Uvymysy]]>
              </value>
            </param>
          </params>
          <reporter-output>
          </reporter-output>
        </test-method> <!-- loginDDT -->
        <test-method signature="loginDDT(java.lang.String,java.lang.String)[pri:0, instance:com.demoBankingV1.testCases.TC_LoginDDT_002@459e9125]" started-at="2023-08-26T09:50:52 IST" name="loginDDT" data-provider="LoginData" finished-at="2023-08-26T09:50:57 IST" duration-ms="5601" status="PASS">
          <params>
            <param index="0">
              <value>
                <![CDATA[mngr519956]]>
              </value>
            </param>
            <param index="1">
              <value>
                <![CDATA[Uvymysy]]>
              </value>
            </param>
          </params>
          <reporter-output>
          </reporter-output>
        </test-method> <!-- loginDDT -->
        <test-method is-config="true" signature="tearDown()[pri:0, instance:com.demoBankingV1.testCases.TC_LoginDDT_002@459e9125]" started-at="2023-08-26T09:50:57 IST" name="tearDown" finished-at="2023-08-26T09:50:57 IST" duration-ms="0" status="PASS">
          <reporter-output>
          </reporter-output>
        </test-method> <!-- tearDown -->
      </class> <!-- com.demoBankingV1.testCases.TC_LoginDDT_002 -->
      <class name="com.demoBankingV1.testCases.TC_EditCustomerTest_004">
        <test-method is-config="true" signature="setup(java.lang.String)[pri:0, instance:com.demoBankingV1.testCases.TC_EditCustomerTest_004@7cc0cdad]" started-at="2023-08-26T09:51:26 IST" name="setup" finished-at="2023-08-26T09:51:32 IST" duration-ms="6201" status="PASS">
          <params>
            <param index="0">
              <value>
                <![CDATA[chrome]]>
              </value>
            </param>
          </params>
          <reporter-output>
          </reporter-output>
        </test-method> <!-- setup -->
        <test-method signature="editCustoer()[pri:0, instance:com.demoBankingV1.testCases.TC_EditCustomerTest_004@7cc0cdad]" started-at="2023-08-26T09:51:32 IST" name="editCustoer" finished-at="2023-08-26T09:51:44 IST" duration-ms="12415" status="PASS">
          <reporter-output>
          </reporter-output>
        </test-method> <!-- editCustoer -->
        <test-method is-config="true" signature="tearDown()[pri:0, instance:com.demoBankingV1.testCases.TC_EditCustomerTest_004@7cc0cdad]" started-at="2023-08-26T09:51:44 IST" name="tearDown" finished-at="2023-08-26T09:51:44 IST" duration-ms="11" status="PASS">
          <reporter-output>
          </reporter-output>
        </test-method> <!-- tearDown -->
      </class> <!-- com.demoBankingV1.testCases.TC_EditCustomerTest_004 -->
      <class name="com.demoBankingV1.testCases.TC_LoginTest_001">
        <test-method is-config="true" signature="setup(java.lang.String)[pri:0, instance:com.demoBankingV1.testCases.TC_LoginTest_001@4562e04d]" started-at="2023-08-26T09:50:19 IST" name="setup" finished-at="2023-08-26T09:50:29 IST" duration-ms="10041" status="PASS">
          <params>
            <param index="0">
              <value>
                <![CDATA[chrome]]>
              </value>
            </param>
          </params>
          <reporter-output>
          </reporter-output>
        </test-method> <!-- setup -->
        <test-method signature="loginTest()[pri:0, instance:com.demoBankingV1.testCases.TC_LoginTest_001@4562e04d]" started-at="2023-08-26T09:50:29 IST" name="loginTest" finished-at="2023-08-26T09:50:31 IST" duration-ms="1909" status="PASS">
          <reporter-output>
          </reporter-output>
        </test-method> <!-- loginTest -->
        <test-method is-config="true" signature="tearDown()[pri:0, instance:com.demoBankingV1.testCases.TC_LoginTest_001@4562e04d]" started-at="2023-08-26T09:50:31 IST" name="tearDown" finished-at="2023-08-26T09:50:31 IST" duration-ms="1" status="PASS">
          <reporter-output>
          </reporter-output>
        </test-method> <!-- tearDown -->
      </class> <!-- com.demoBankingV1.testCases.TC_LoginTest_001 -->
      <class name="com.demoBankingV1.testCases.TC_AddCustomerTest_003">
        <test-method is-config="true" signature="setup(java.lang.String)[pri:0, instance:com.demoBankingV1.testCases.TC_AddCustomerTest_003@128d2484]" started-at="2023-08-26T09:50:57 IST" name="setup" finished-at="2023-08-26T09:51:06 IST" duration-ms="9190" status="PASS">
          <params>
            <param index="0">
              <value>
                <![CDATA[chrome]]>
              </value>
            </param>
          </params>
          <reporter-output>
          </reporter-output>
        </test-method> <!-- setup -->
        <test-method signature="addNewCustomer()[pri:0, instance:com.demoBankingV1.testCases.TC_AddCustomerTest_003@128d2484]" started-at="2023-08-26T09:51:06 IST" name="addNewCustomer" finished-at="2023-08-26T09:51:26 IST" duration-ms="19283" status="PASS">
          <reporter-output>
          </reporter-output>
        </test-method> <!-- addNewCustomer -->
        <test-method is-config="true" signature="tearDown()[pri:0, instance:com.demoBankingV1.testCases.TC_AddCustomerTest_003@128d2484]" started-at="2023-08-26T09:51:26 IST" name="tearDown" finished-at="2023-08-26T09:51:26 IST" duration-ms="0" status="PASS">
          <reporter-output>
          </reporter-output>
        </test-method> <!-- tearDown -->
      </class> <!-- com.demoBankingV1.testCases.TC_AddCustomerTest_003 -->
    </test> <!-- Test -->
  </suite> <!-- demoBankingV1 -->
</testng-results>
